Determining if the pthread_create exist failed with the following output:
Change Dir: /home/curator/Assignment2OptionB/RenderEngineSkeletonCode/build/CMakeFiles/CMakeTmp

Run Build Command:"/usr/bin/make" "cmTC_ca74d/fast"
/usr/bin/make -f CMakeFiles/cmTC_ca74d.dir/build.make CMakeFiles/cmTC_ca74d.dir/build
make[1]: Entering directory '/home/curator/Assignment2OptionB/RenderEngineSkeletonCode/build/CMakeFiles/CMakeTmp'
Building C object CMakeFiles/cmTC_ca74d.dir/CheckSymbolExists.c.o
/usr/bin/cc     -o CMakeFiles/cmTC_ca74d.dir/CheckSymbolExists.c.o   -c /home/curator/Assignment2OptionB/RenderEngineSkeletonCode/build/CMakeFiles/CMakeTmp/CheckSymbolExists.c
Linking C executable cmTC_ca74d
/usr/bin/cmake -E cmake_link_script CMakeFiles/cmTC_ca74d.dir/link.txt --verbose=1
/usr/bin/cc       CMakeFiles/cmTC_ca74d.dir/CheckSymbolExists.c.o  -o cmTC_ca74d -rdynamic 
CMakeFiles/cmTC_ca74d.dir/CheckSymbolExists.c.o: In function `main':
CheckSymbolExists.c:(.text+0x16): undefined reference to `pthread_create'
collect2: error: ld returned 1 exit status
CMakeFiles/cmTC_ca74d.dir/build.make:97: recipe for target 'cmTC_ca74d' failed
make[1]: *** [cmTC_ca74d] Error 1
make[1]: Leaving directory '/home/curator/Assignment2OptionB/RenderEngineSkeletonCode/build/CMakeFiles/CMakeTmp'
Makefile:126: recipe for target 'cmTC_ca74d/fast' failed
make: *** [cmTC_ca74d/fast] Error 2

File /home/curator/Assignment2OptionB/RenderEngineSkeletonCode/build/CMakeFiles/CMakeTmp/CheckSymbolExists.c:
/* */
#include <pthread.h>

int main(int argc, char** argv)
{
  (void)argv;
#ifndef pthread_create
  return ((int*)(&pthread_create))[argc];
#else
  (void)argc;
  return 0;
#endif
}

Determining if the function pthread_create exists in the pthreads failed with the following output:
Change Dir: /home/curator/Assignment2OptionB/RenderEngineSkeletonCode/build/CMakeFiles/CMakeTmp

Run Build Command:"/usr/bin/make" "cmTC_082cb/fast"
/usr/bin/make -f CMakeFiles/cmTC_082cb.dir/build.make CMakeFiles/cmTC_082cb.dir/build
make[1]: Entering directory '/home/curator/Assignment2OptionB/RenderEngineSkeletonCode/build/CMakeFiles/CMakeTmp'
Building C object CMakeFiles/cmTC_082cb.dir/CheckFunctionExists.c.o
/usr/bin/cc    -DCHECK_FUNCTION_EXISTS=pthread_create   -o CMakeFiles/cmTC_082cb.dir/CheckFunctionExists.c.o   -c /usr/share/cmake-3.5/Modules/CheckFunctionExists.c
Linking C executable cmTC_082cb
/usr/bin/cmake -E cmake_link_script CMakeFiles/cmTC_082cb.dir/link.txt --verbose=1
/usr/bin/cc   -DCHECK_FUNCTION_EXISTS=pthread_create    CMakeFiles/cmTC_082cb.dir/CheckFunctionExists.c.o  -o cmTC_082cb -rdynamic -lpthreads 
/usr/bin/ld: cannot find -lpthreads
collect2: error: ld returned 1 exit status
CMakeFiles/cmTC_082cb.dir/build.make:97: recipe for target 'cmTC_082cb' failed
make[1]: *** [cmTC_082cb] Error 1
make[1]: Leaving directory '/home/curator/Assignment2OptionB/RenderEngineSkeletonCode/build/CMakeFiles/CMakeTmp'
Makefile:126: recipe for target 'cmTC_082cb/fast' failed
make: *** [cmTC_082cb/fast] Error 2


